<?xml version="1.0" encoding="UTF-8"?>
<testsuite xmlns:xsi="http://www.w3.org/2001/XMLSchema-instance" xsi:noNamespaceSchemaLocation="https://maven.apache.org/surefire/maven-surefire-plugin/xsd/surefire-test-report-3.0.xsd" version="3.0" name="edu.gmu.cs321.DependentFormTest" time="0.006" tests="10" errors="0" skipped="0" failures="0">
  <properties>
[...]
</properties>
  <testcase name="dependentTester" classname="edu.gmu.cs321.DependentFormTest" time="0.001"/>
  <testcase name="formInstanceTester" classname="edu.gmu.cs321.DependentFormTest" time="0.001"/>
  <testcase name="defaultFormIDTester" classname="edu.gmu.cs321.DependentFormTest" time="0.0"/>
  <testcase name="setDependentTester" classname="edu.gmu.cs321.DependentFormTest" time="0.001"/>
  <testcase name="formIDTester" classname="edu.gmu.cs321.DependentFormTest" time="0.0"/>
  <testcase name="setParentTester" classname="edu.gmu.cs321.DependentFormTest" time="0.001"/>
  <testcase name="defaultParentTester" classname="edu.gmu.cs321.DependentFormTest" time="0.0"/>
  <testcase name="parentTester" classname="edu.gmu.cs321.DependentFormTest" time="0.001"/>
  <testcase name="defaultDependentTester" classname="edu.gmu.cs321.DependentFormTest" time="0.0"/>
  <testcase name="setFormIDTester" classname="edu.gmu.cs321.DependentFormTest" time="0.001"/>
</testsuite>